[debug] [2026-06-24T11:45:32.828Z] ----------------------------------------------------------------------
[debug] [2026-06-24T11:45:32.835Z] Command:       /Users/ravipatichinnaranga/.nvm/versions/node/v20.20.2/bin/node /Users/ravipatichinnaranga/.nvm/versions/node/v20.20.2/bin/firebase deploy --only hosting --project farfindarolelearn-3b804 --debug
[debug] [2026-06-24T11:45:32.836Z] CLI Version:   15.20.0
[debug] [2026-06-24T11:45:32.836Z] Platform:      darwin
[debug] [2026-06-24T11:45:32.836Z] Node Version:  v20.20.2
[debug] [2026-06-24T11:45:32.836Z] Time:          Wed Jun 24 2026 17:15:32 GMT+0530 (India Standard Time)
[debug] [2026-06-24T11:45:32.836Z] ----------------------------------------------------------------------
[debug] 
[debug] [2026-06-24T11:45:33.736Z] > command requires scopes: ["email","openid","https://www.googleapis.com/auth/cloudplatformprojects.readonly","https://www.googleapis.com/auth/firebase","https://www.googleapis.com/auth/cloud-platform"]
[debug] [2026-06-24T11:45:33.737Z] > authorizing via signed-in user (ravipatichinnarangaswamyreddy@gmail.com)
[debug] [2026-06-24T11:45:33.738Z] [iam] checking project farfindarolelearn-3b804 for permissions ["firebase.projects.get","firebasehosting.sites.update"]
[debug] [2026-06-24T11:45:33.738Z] Checked if tokens are valid: false, expires at: 1782297556934
[debug] [2026-06-24T11:45:33.738Z] Checked if tokens are valid: false, expires at: 1782297556934
[debug] [2026-06-24T11:45:33.738Z] > refreshing access token with scopes: []
[debug] [2026-06-24T11:45:33.739Z] >>> [apiv2][query] POST https://www.googleapis.com/oauth2/v3/token [none]
[debug] [2026-06-24T11:45:33.740Z] >>> [apiv2][body] POST https://www.googleapis.com/oauth2/v3/token [omitted]
[debug] [2026-06-24T11:45:34.210Z] <<< [apiv2][status] POST https://www.googleapis.com/oauth2/v3/token 200
[debug] [2026-06-24T11:45:34.210Z] <<< [apiv2][body] POST https://www.googleapis.com/oauth2/v3/token [omitted]
[debug] [2026-06-24T11:45:34.222Z] >>> [apiv2][query] POST https://cloudresourcemanager.googleapis.com/v1/projects/farfindarolelearn-3b804:testIamPermissions [none]
[debug] [2026-06-24T11:45:34.222Z] >>> [apiv2][(partial)header] POST https://cloudresourcemanager.googleapis.com/v1/projects/farfindarolelearn-3b804:testIamPermissions  x-goog-user-project=farfindarolelearn-3b804
[debug] [2026-06-24T11:45:34.223Z] >>> [apiv2][body] POST https://cloudresourcemanager.googleapis.com/v1/projects/farfindarolelearn-3b804:testIamPermissions {"permissions":["firebase.projects.get","firebasehosting.sites.update"]}
[debug] [2026-06-24T11:45:35.804Z] <<< [apiv2][status] POST https://cloudresourcemanager.googleapis.com/v1/projects/farfindarolelearn-3b804:testIamPermissions 200
[debug] [2026-06-24T11:45:35.804Z] <<< [apiv2][body] POST https://cloudresourcemanager.googleapis.com/v1/projects/farfindarolelearn-3b804:testIamPermissions {"permissions":["firebase.projects.get","firebasehosting.sites.update"]}
[debug] [2026-06-24T11:45:35.806Z] Checked if tokens are valid: true, expires at: 1782305133210
[debug] [2026-06-24T11:45:35.806Z] Checked if tokens are valid: true, expires at: 1782305133210
[debug] [2026-06-24T11:45:35.807Z] >>> [apiv2][query] GET https://firebase.googleapis.com/v1beta1/projects/farfindarolelearn-3b804 [none]
[debug] [2026-06-24T11:45:36.454Z] <<< [apiv2][status] GET https://firebase.googleapis.com/v1beta1/projects/farfindarolelearn-3b804 200
[debug] [2026-06-24T11:45:36.454Z] <<< [apiv2][body] GET https://firebase.googleapis.com/v1beta1/projects/farfindarolelearn-3b804 {"projectId":"farfindarolelearn-3b804","projectNumber":"280390286814","displayName":"farfindarolelearn","name":"projects/farfindarolelearn-3b804","resources":{"hostingSite":"farfindarolelearn-3b804"},"state":"ACTIVE","etag":"1_6b6a155d-f578-42b4-929a-4a3d1797e596"}
[debug] [2026-06-24T11:45:37.329Z] Checked if tokens are valid: true, expires at: 1782305133210
[debug] [2026-06-24T11:45:37.329Z] Checked if tokens are valid: true, expires at: 1782305133210
[debug] [2026-06-24T11:45:37.330Z] >>> [apiv2][query] GET https://firebasehosting.googleapis.com/v1beta1/projects/farfindarolelearn-3b804/sites pageToken=&pageSize=10
[debug] [2026-06-24T11:45:38.868Z] <<< [apiv2][status] GET https://firebasehosting.googleapis.com/v1beta1/projects/farfindarolelearn-3b804/sites 200
[debug] [2026-06-24T11:45:38.868Z] <<< [apiv2][body] GET https://firebasehosting.googleapis.com/v1beta1/projects/farfindarolelearn-3b804/sites {"sites":[{"name":"projects/farfindarolelearn-3b804/sites/farfindarolelearn-3b804","defaultUrl":"https://farfindarolelearn-3b804.web.app","appId":"1:280390286814:web:7ffb18d46d9f44557db14f","type":"DEFAULT_SITE"}]}
[debug] [2026-06-24T11:45:38.869Z] Checked if tokens are valid: true, expires at: 1782305133210
[debug] [2026-06-24T11:45:38.869Z] Checked if tokens are valid: true, expires at: 1782305133210
[debug] [2026-06-24T11:45:38.869Z] >>> [apiv2][query] GET https://firebase.googleapis.com/v1beta1/projects/-/webApps/1:280390286814:web:7ffb18d46d9f44557db14f/config [none]
[debug] [2026-06-24T11:45:41.243Z] <<< [apiv2][status] GET https://firebase.googleapis.com/v1beta1/projects/-/webApps/1:280390286814:web:7ffb18d46d9f44557db14f/config 200
[debug] [2026-06-24T11:45:41.244Z] <<< [apiv2][body] GET https://firebase.googleapis.com/v1beta1/projects/-/webApps/1:280390286814:web:7ffb18d46d9f44557db14f/config {"projectId":"farfindarolelearn-3b804","appId":"1:280390286814:web:7ffb18d46d9f44557db14f","storageBucket":"farfindarolelearn-3b804.firebasestorage.app","apiKey":"AIzaSyCjPPPikt88TaVqs_Upl9BIcoTR75SI_Lo","authDomain":"farfindarolelearn-3b804.firebaseapp.com","messagingSenderId":"280390286814","measurementId":"G-07DHLWPKGZ","projectNumber":"280390286814","version":"2"}
[info] 
   Thank you for trying our early preview of Next.js support on Firebase Hosting.
   During the preview, support is best-effort and breaking changes can be expected. Proceed with caution.
   The integration is known to work with Next.js version 12 - 16.0. You may encounter errors.

   Documentation: https://firebase.google.com/docs/hosting/frameworks/nextjs
   File a bug: https://github.com/firebase/firebase-tools/issues/new?template=bug_report.md
   Submit a feature request: https://github.com/firebase/firebase-tools/issues/new?template=feature_request.md

   We'd love to learn from you. Express your interest in helping us shape the future of Firebase Hosting: https://goo.gle/41enW5X

[debug] [2026-06-24T11:45:43.207Z] Checked if tokens are valid: true, expires at: 1782305133210
[debug] [2026-06-24T11:45:43.207Z] Checked if tokens are valid: true, expires at: 1782305133210
[debug] [2026-06-24T11:45:43.207Z] >>> [apiv2][query] GET https://firebasehosting.googleapis.com/v1beta1/projects/farfindarolelearn-3b804/sites/farfindarolelearn-3b804 [none]
[debug] [2026-06-24T11:45:43.923Z] <<< [apiv2][status] GET https://firebasehosting.googleapis.com/v1beta1/projects/farfindarolelearn-3b804/sites/farfindarolelearn-3b804 200
[debug] [2026-06-24T11:45:43.924Z] <<< [apiv2][body] GET https://firebasehosting.googleapis.com/v1beta1/projects/farfindarolelearn-3b804/sites/farfindarolelearn-3b804 {"name":"projects/farfindarolelearn-3b804/sites/farfindarolelearn-3b804","defaultUrl":"https://farfindarolelearn-3b804.web.app","appId":"1:280390286814:web:7ffb18d46d9f44557db14f","type":"DEFAULT_SITE"}
[info] ▲ Next.js 16.2.9 (Turbopack)

[info] - Environments: .env.local


[info]   Creating an optimized production build ...

[info] 

[info] [784.09ms] [@tailwindcss/postcss] src/app/globals.css
[  0.04ms]   ↳ Quick bail check
[100.52ms]   ↳ Setup compiler
[  0.60ms]     ↳ PostCSS AST -> Tailwind CSS AST
[ 99.91ms]     ↳ Create compiler
[  0.08ms]   ↳ Register full rebuild paths
[ 17.50ms]   ↳ Setup scanner
[147.26ms]   ↳ Scan for candidates
[ 18.28ms]   ↳ Register dependency messages
[312.46ms]   ↳ Build utilities
[181.06ms]   ↳ Optimization
[  0.98ms]     ↳ AST -> CSS
[136.16ms]     ↳ Lightning CSS
[ 43.89ms]     ↳ CSS -> PostCSS AST
[  6.42ms]   ↳ Update PostCSS AST


[info] ✓ Compiled successfully in 8.3s

[info]   Running TypeScript ...

[info]   Finished TypeScript in 6.6s ...

[info]   Collecting page data using 7 workers ...

[info]   Generating static pages using 7 workers (0/54) ...

[info]   Generating static pages using 7 workers (13/54) 

[info]   Generating static pages using 7 workers (26/54) 

[info]   Generating static pages using 7 workers (40/54) 

[info] ✓ Generating static pages using 7 workers (54/54) in 319ms

[info]   Finalizing page optimization ...

[info] 

[info] Route (app)
┌ ƒ /
├ ○ /_not-found
├ ○ /account-terms
├ ○ /admin
├ ○ /admin/billing
├ ○ /admin/coding
├ ○ /admin/coding/new
├ ○ /admin/login
├ ○ /ai-tool
├ ƒ /api/active-sessions
├ ƒ /api/admin/financial-stats
├ ƒ /api/admin/invoices
├ ƒ /api/admin/refunds
├ ƒ /api/admin/subscriptions
├ ƒ /api/admin/tax-reports
├ ƒ /api/ai/analytics
├ ƒ /api/ai/comments
├ ƒ /api/ai/generate
├ ƒ /api/ai/history
├ ƒ /api/ai/templates
├ ƒ /api/certificates/create
├ ƒ /api/coding/ai-mentor
├ ƒ /api/coding/ai-review
├ ƒ /api/coding/run
├ ƒ /api/coding/submit
├ ƒ /api/course-progress/migrate
├ ƒ /api/course-progress/update
├ ƒ /api/course-progress/update-lesson
├ ƒ /api/course-progress/user/[userId]
├ ƒ /api/courses/certificate
├ ƒ /api/courses/certificate/download
├ ƒ /api/cron/billing
├ ƒ /api/cron/reminders
├ ƒ /api/policy/consent
├ ƒ /api/save-doc
├ ƒ /api/stripe/checkout
├ ƒ /api/stripe/webhook
├ ƒ /api/users
├ ○ /course-terms
├ ○ /courses
├ ƒ /courses/[id]
├ ƒ /courses/[id]/final
├ ƒ /courses/[id]/lessons/[lessonId]
├ ○ /dashboard
├ ○ /dashboard/billing
├ ○ /dashboard/coding
├ ƒ /dashboard/coding/[challengeId]
├ ○ /dashboard/contests
├ ○ /forgot
├ ○ /login
├ ○ /pricing
├ ○ /pricing-terms
├ ○ /privacy
├ ○ /reset-password
├ ○ /signup
├ ○ /subscription-terms
├ ○ /terms
├ ○ /verify-email
└ ƒ /verify/certificate/[code]


○  (Static)   prerendered as static content
ƒ  (Dynamic)  server-rendered on demand


[info] Building a Cloud Function to run this application. This is needed due to:
[info]  • non-static component /api/active-sessions/route
[info]  • non-static component /api/admin/financial-stats/route
[info]  • non-static component /api/admin/invoices/route
[info]  • non-static component /api/admin/refunds/route
[info]  • non-static component /api/admin/subscriptions/route
[debug] [2026-06-24T11:46:02.120Z]  • non-static component /api/admin/tax-reports/route
[debug] [2026-06-24T11:46:02.120Z]  • non-static component /api/ai/analytics/route
[debug] [2026-06-24T11:46:02.120Z]  • non-static component /api/ai/comments/route
[debug] [2026-06-24T11:46:02.120Z]  • non-static component /api/ai/generate/route
[debug] [2026-06-24T11:46:02.120Z]  • non-static component /api/ai/history/route
[debug] [2026-06-24T11:46:02.120Z]  • non-static component /api/ai/templates/route
[debug] [2026-06-24T11:46:02.120Z]  • non-static component /api/certificates/create/route
[debug] [2026-06-24T11:46:02.120Z]  • non-static component /api/coding/ai-mentor/route
[debug] [2026-06-24T11:46:02.120Z]  • non-static component /api/coding/ai-review/route
[debug] [2026-06-24T11:46:02.120Z]  • non-static component /api/coding/run/route
[debug] [2026-06-24T11:46:02.120Z]  • non-static component /api/coding/submit/route
[debug] [2026-06-24T11:46:02.120Z]  • non-static component /api/course-progress/migrate/route
[debug] [2026-06-24T11:46:02.120Z]  • non-static component /api/course-progress/update-lesson/route
[debug] [2026-06-24T11:46:02.120Z]  • non-static component /api/course-progress/update/route
[debug] [2026-06-24T11:46:02.120Z]  • non-static component /api/course-progress/user/[userId]/route
[debug] [2026-06-24T11:46:02.120Z]  • non-static component /api/courses/certificate/download/route
[debug] [2026-06-24T11:46:02.121Z]  • non-static component /api/courses/certificate/route
[debug] [2026-06-24T11:46:02.121Z]  • non-static component /api/cron/billing/route
[debug] [2026-06-24T11:46:02.121Z]  • non-static component /api/cron/reminders/route
[debug] [2026-06-24T11:46:02.121Z]  • non-static component /api/policy/consent/route
[debug] [2026-06-24T11:46:02.121Z]  • non-static component /api/save-doc/route
[debug] [2026-06-24T11:46:02.121Z]  • non-static component /api/stripe/checkout/route
[debug] [2026-06-24T11:46:02.121Z]  • non-static component /api/stripe/webhook/route
[debug] [2026-06-24T11:46:02.121Z]  • non-static component /api/users/route
[debug] [2026-06-24T11:46:02.121Z]  • non-static component /courses/[id]/final/page
[debug] [2026-06-24T11:46:02.121Z]  • non-static component /courses/[id]/lessons/[lessonId]/page
[debug] [2026-06-24T11:46:02.121Z]  • non-static component /courses/[id]/page
[debug] [2026-06-24T11:46:02.121Z]  • non-static component /dashboard/coding/[challengeId]/page
[debug] [2026-06-24T11:46:02.121Z]  • non-static component /page
[debug] [2026-06-24T11:46:02.121Z]  • non-static component /verify/certificate/[code]/page
[info] 
[debug] [2026-06-24T11:46:07.729Z] Checked if tokens are valid: true, expires at: 1782305133210
[debug] [2026-06-24T11:46:07.729Z] Checked if tokens are valid: true, expires at: 1782305133210
[debug] [2026-06-24T11:46:07.730Z] >>> [apiv2][query] GET https://firebasehosting.googleapis.com/v1beta1/projects/farfindarolelearn-3b804/sites/farfindarolelearn-3b804 [none]
[debug] [2026-06-24T11:46:09.102Z] <<< [apiv2][status] GET https://firebasehosting.googleapis.com/v1beta1/projects/farfindarolelearn-3b804/sites/farfindarolelearn-3b804 200
[debug] [2026-06-24T11:46:09.102Z] <<< [apiv2][body] GET https://firebasehosting.googleapis.com/v1beta1/projects/farfindarolelearn-3b804/sites/farfindarolelearn-3b804 {"name":"projects/farfindarolelearn-3b804/sites/farfindarolelearn-3b804","defaultUrl":"https://farfindarolelearn-3b804.web.app","appId":"1:280390286814:web:7ffb18d46d9f44557db14f","type":"DEFAULT_SITE"}
[debug] [2026-06-24T11:46:31.153Z] [web frameworks] effective firebase.json:  {
  "hosting": [
    {
      "source": ".",
      "ignore": [
        "firebase.json",
        "**/.*",
        "**/node_modules/**"
      ],
      "site": "farfindarolelearn-3b804",
      "rewrites": [
        {
          "source": "**",
          "function": {
            "functionId": "ssrfarfindarolelearn3b8",
            "region": "us-central1",
            "pinTag": true
          }
        }
      ],
      "redirects": [],
      "headers": [
        {
          "source": "/_global-error",
          "headers": [
            {
              "key": "x-nextjs-stale-time",
              "value": "300"
            },
            {
              "key": "x-nextjs-prerender",
              "value": "1"
            },
            {
              "key": "x-next-cache-tags",
              "value": "_N_T_/layout,_N_T_/_global-error/layout,_N_T_/_global-error/page,_N_T_/_global-error"
            }
          ]
        },
        {
          "source": "/account-terms",
          "headers": [
            {
              "key": "x-nextjs-stale-time",
              "value": "300"
            },
            {
              "key": "x-nextjs-prerender",
              "value": "1"
            },
            {
              "key": "x-next-cache-tags",
              "value": "_N_T_/layout,_N_T_/account-terms/layout,_N_T_/account-terms/page,_N_T_/account-terms"
            }
          ]
        },
        {
          "source": "/_not-found",
          "headers": [
            {
              "key": "x-nextjs-stale-time",
              "value": "300"
            },
            {
              "key": "x-nextjs-prerender",
              "value": "1"
            },
            {
              "key": "x-next-cache-tags",
              "value": "_N_T_/layout,_N_T_/_not-found/layout,_N_T_/_not-found/page,_N_T_/_not-found"
            }
          ]
        },
        {
          "source": "/admin/billing",
          "headers": [
            {
              "key": "x-nextjs-stale-time",
              "value": "300"
            },
            {
              "key": "x-nextjs-prerender",
              "value": "1"
            },
            {
              "key": "x-next-cache-tags",
              "value": "_N_T_/layout,_N_T_/admin/layout,_N_T_/admin/billing/layout,_N_T_/admin/billing/page,_N_T_/admin/billing"
            }
          ]
        },
        {
          "source": "/admin/coding/new",
          "headers": [
            {
              "key": "x-nextjs-stale-time",
              "value": "300"
            },
            {
              "key": "x-nextjs-prerender",
              "value": "1"
            },
            {
              "key": "x-next-cache-tags",
              "value": "_N_T_/layout,_N_T_/admin/layout,_N_T_/admin/coding/layout,_N_T_/admin/coding/new/layout,_N_T_/admin/coding/new/page,_N_T_/admin/coding/new"
            }
          ]
        },
        {
          "source": "/admin/coding",
          "headers": [
            {
              "key": "x-nextjs-stale-time",
              "value": "300"
            },
            {
              "key": "x-nextjs-prerender",
              "value": "1"
            },
            {
              "key": "x-next-cache-tags",
              "value": "_N_T_/layout,_N_T_/admin/layout,_N_T_/admin/coding/layout,_N_T_/admin/coding/page,_N_T_/admin/coding"
            }
          ]
        },
        {
          "source": "/admin",
          "headers": [
            {
              "key": "x-nextjs-stale-time",
              "value": "300"
            },
            {
              "key": "x-nextjs-prerender",
              "value": "1"
            },
            {
              "key": "x-next-cache-tags",
              "value": "_N_T_/layout,_N_T_/admin/layout,_N_T_/admin/page,_N_T_/admin"
            }
          ]
        },
        {
          "source": "/ai-tool",
          "headers": [
            {
              "key": "x-nextjs-stale-time",
              "value": "300"
            },
            {
              "key": "x-nextjs-prerender",
              "value": "1"
            },
            {
              "key": "x-next-cache-tags",
              "value": "_N_T_/layout,_N_T_/ai-tool/layout,_N_T_/ai-tool/page,_N_T_/ai-tool"
            }
          ]
        },
        {
          "source": "/admin/login",
          "headers": [
            {
              "key": "x-nextjs-stale-time",
              "value": "300"
            },
            {
              "key": "x-nextjs-prerender",
              "value": "1"
            },
            {
              "key": "x-next-cache-tags",
              "value": "_N_T_/layout,_N_T_/admin/layout,_N_T_/admin/login/layout,_N_T_/admin/login/page,_N_T_/admin/login"
            }
          ]
        },
        {
          "source": "/courses",
          "headers": [
            {
              "key": "x-nextjs-stale-time",
              "value": "300"
            },
            {
              "key": "x-nextjs-prerender",
              "value": "1"
            },
            {
              "key": "x-next-cache-tags",
              "value": "_N_T_/layout,_N_T_/courses/layout,_N_T_/courses/page,_N_T_/courses"
            }
          ]
        },
        {
          "source": "/dashboard/billing",
          "headers": [
            {
              "key": "x-nextjs-stale-time",
              "value": "300"
            },
            {
              "key": "x-nextjs-prerender",
              "value": "1"
            },
            {
              "key": "x-next-cache-tags",
              "value": "_N_T_/layout,_N_T_/dashboard/layout,_N_T_/dashboard/billing/layout,_N_T_/dashboard/billing/page,_N_T_/dashboard/billing"
            }
          ]
        },
        {
          "source": "/course-terms",
          "headers": [
            {
              "key": "x-nextjs-stale-time",
              "value": "300"
            },
            {
              "key": "x-nextjs-prerender",
              "value": "1"
            },
            {
              "key": "x-next-cache-tags",
              "value": "_N_T_/layout,_N_T_/course-terms/layout,_N_T_/course-terms/page,_N_T_/course-terms"
            }
          ]
        },
        {
          "source": "/dashboard/coding",
          "headers": [
            {
              "key": "x-nextjs-stale-time",
              "value": "300"
            },
            {
              "key": "x-nextjs-prerender",
              "value": "1"
            },
            {
              "key": "x-next-cache-tags",
              "value": "_N_T_/layout,_N_T_/dashboard/layout,_N_T_/dashboard/coding/layout,_N_T_/dashboard/coding/page,_N_T_/dashboard/coding"
            }
          ]
        },
        {
          "source": "/dashboard/contests",
          "headers": [
            {
              "key": "x-nextjs-stale-time",
              "value": "300"
            },
            {
              "key": "x-nextjs-prerender",
              "value": "1"
            },
            {
              "key": "x-next-cache-tags",
              "value": "_N_T_/layout,_N_T_/dashboard/layout,_N_T_/dashboard/contests/layout,_N_T_/dashboard/contests/page,_N_T_/dashboard/contests"
            }
          ]
        },
        {
          "source": "/dashboard",
          "headers": [
            {
              "key": "x-nextjs-stale-time",
              "value": "300"
            },
            {
              "key": "x-nextjs-prerender",
              "value": "1"
            },
            {
              "key": "x-next-cache-tags",
              "value": "_N_T_/layout,_N_T_/dashboard/layout,_N_T_/dashboard/page,_N_T_/dashboard"
            }
          ]
        },
        {
          "source": "/favicon.ico",
          "headers": [
            {
              "key": "cache-control",
              "value": "public, max-age=0, must-revalidate"
            },
            {
              "key": "content-type",
              "value": "image/x-icon"
            },
            {
              "key": "x-next-cache-tags",
              "value": "_N_T_/layout,_N_T_/favicon.ico/layout,_N_T_/favicon.ico/route,_N_T_/favicon.ico"
            }
          ]
        },
        {
          "source": "/login",
          "headers": [
            {
              "key": "x-nextjs-stale-time",
              "value": "300"
            },
            {
              "key": "x-nextjs-prerender",
              "value": "1"
            },
            {
              "key": "x-next-cache-tags",
              "value": "_N_T_/layout,_N_T_/login/layout,_N_T_/login/page,_N_T_/login"
            }
          ]
        },
        {
          "source": "/forgot",
          "headers": [
            {
              "key": "x-nextjs-stale-time",
              "value": "300"
            },
            {
              "key": "x-nextjs-prerender",
              "value": "1"
            },
            {
              "key": "x-next-cache-tags",
              "value": "_N_T_/layout,_N_T_/forgot/layout,_N_T_/forgot/page,_N_T_/forgot"
            }
          ]
        },
        {
          "source": "/pricing-terms",
          "headers": [
            {
              "key": "x-nextjs-stale-time",
              "value": "300"
            },
            {
              "key": "x-nextjs-prerender",
              "value": "1"
            },
            {
              "key": "x-next-cache-tags",
              "value": "_N_T_/layout,_N_T_/pricing-terms/layout,_N_T_/pricing-terms/page,_N_T_/pricing-terms"
            }
          ]
        },
        {
          "source": "/pricing",
          "headers": [
            {
              "key": "x-nextjs-stale-time",
              "value": "300"
            },
            {
              "key": "x-nextjs-prerender",
              "value": "1"
            },
            {
              "key": "x-next-cache-tags",
              "value": "_N_T_/layout,_N_T_/pricing/layout,_N_T_/pricing/page,_N_T_/pricing"
            }
          ]
        },
        {
          "source": "/reset-password",
          "headers": [
            {
              "key": "x-nextjs-stale-time",
              "value": "300"
            },
            {
              "key": "x-nextjs-prerender",
              "value": "1"
            },
            {
              "key": "x-next-cache-tags",
              "value": "_N_T_/layout,_N_T_/reset-password/layout,_N_T_/reset-password/page,_N_T_/reset-password"
            }
          ]
        },
        {
          "source": "/signup",
          "headers": [
            {
              "key": "x-nextjs-stale-time",
              "value": "300"
            },
            {
              "key": "x-nextjs-prerender",
              "value": "1"
            },
            {
              "key": "x-next-cache-tags",
              "value": "_N_T_/layout,_N_T_/signup/layout,_N_T_/signup/page,_N_T_/signup"
            }
          ]
        },
        {
          "source": "/privacy",
          "headers": [
            {
              "key": "x-nextjs-stale-time",
              "value": "300"
            },
            {
              "key": "x-nextjs-prerender",
              "value": "1"
            },
            {
              "key": "x-next-cache-tags",
              "value": "_N_T_/layout,_N_T_/privacy/layout,_N_T_/privacy/page,_N_T_/privacy"
            }
          ]
        },
        {
          "source": "/terms",
          "headers": [
            {
              "key": "x-nextjs-stale-time",
              "value": "300"
            },
            {
              "key": "x-nextjs-prerender",
              "value": "1"
            },
            {
              "key": "x-next-cache-tags",
              "value": "_N_T_/layout,_N_T_/terms/layout,_N_T_/terms/page,_N_T_/terms"
            }
          ]
        },
        {
          "source": "/subscription-terms",
          "headers": [
            {
              "key": "x-nextjs-stale-time",
              "value": "300"
            },
            {
              "key": "x-nextjs-prerender",
              "value": "1"
            },
            {
              "key": "x-next-cache-tags",
              "value": "_N_T_/layout,_N_T_/subscription-terms/layout,_N_T_/subscription-terms/page,_N_T_/subscription-terms"
            }
          ]
        },
        {
          "source": "/verify-email",
          "headers": [
            {
              "key": "x-nextjs-stale-time",
              "value": "300"
            },
            {
              "key": "x-nextjs-prerender",
              "value": "1"
            },
            {
              "key": "x-next-cache-tags",
              "value": "_N_T_/layout,_N_T_/verify-email/layout,_N_T_/verify-email/page,_N_T_/verify-email"
            }
          ]
        },
        {
          "source": "**/*.[jt]s",
          "headers": [
            {
              "key": "Set-Cookie",
              "value": "__FIREBASE_DEFAULTS__=eyJjb25maWciOnsicHJvamVjdElkIjoiZmFyZmluZGFyb2xlbGVhcm4tM2I4MDQiLCJhcHBJZCI6IjE6MjgwMzkwMjg2ODE0OndlYjo3ZmZiMThkNDZkOWY0NDU1N2RiMTRmIiwic3RvcmFnZUJ1Y2tldCI6ImZhcmZpbmRhcm9sZWxlYXJuLTNiODA0LmZpcmViYXNlc3RvcmFnZS5hcHAiLCJhcGlLZXkiOiJBSXphU3lDalBQUGlrdDg4VGFWcXNfVXBsOUJJY29UUjc1U0lfTG8iLCJhdXRoRG9tYWluIjoiZmFyZmluZGFyb2xlbGVhcm4tM2I4MDQuZmlyZWJhc2VhcHAuY29tIiwibWVzc2FnaW5nU2VuZGVySWQiOiIyODAzOTAyODY4MTQiLCJtZWFzdXJlbWVudElkIjoiRy0wN0RITFdQS0daIiwicHJvamVjdE51bWJlciI6IjI4MDM5MDI4NjgxNCIsInZlcnNpb24iOiIyIn0sIl9hdXRoVG9rZW5TeW5jVVJMIjoiL19fc2Vzc2lvbiJ9; SameSite=Strict; Expires=2028-05-18T22:26:31.151Z; Path=/;"
            }
          ]
        }
      ],
      "cleanUrls": true,
      "trailingSlash": false,
      "public": ".firebase/farfindarolelearn-3b804/hosting",
      "webFramework": "next_ssr"
    }
  ],
  "functions": [
    {
      "source": ".firebase/farfindarolelearn-3b804/functions",
      "codebase": "firebase-frameworks-farfindarolelearn-3b804"
    }
  ]
}
[debug] [2026-06-24T11:46:31.155Z] > command requires scopes: ["email","openid","https://www.googleapis.com/auth/cloudplatformprojects.readonly","https://www.googleapis.com/auth/firebase","https://www.googleapis.com/auth/cloud-platform"]
[debug] [2026-06-24T11:46:31.155Z] > authorizing via signed-in user (ravipatichinnarangaswamyreddy@gmail.com)
[debug] [2026-06-24T11:46:31.156Z] [iam] checking project farfindarolelearn-3b804 for permissions ["cloudfunctions.functions.create","cloudfunctions.functions.delete","cloudfunctions.functions.get","cloudfunctions.functions.list","cloudfunctions.functions.update","cloudfunctions.operations.get","firebase.projects.get"]
[debug] [2026-06-24T11:46:31.156Z] Checked if tokens are valid: true, expires at: 1782305133210
[debug] [2026-06-24T11:46:31.156Z] Checked if tokens are valid: true, expires at: 1782305133210
[debug] [2026-06-24T11:46:31.156Z] >>> [apiv2][query] POST https://cloudresourcemanager.googleapis.com/v1/projects/farfindarolelearn-3b804:testIamPermissions [none]
[debug] [2026-06-24T11:46:31.156Z] >>> [apiv2][(partial)header] POST https://cloudresourcemanager.googleapis.com/v1/projects/farfindarolelearn-3b804:testIamPermissions  x-goog-user-project=farfindarolelearn-3b804
[debug] [2026-06-24T11:46:31.156Z] >>> [apiv2][body] POST https://cloudresourcemanager.googleapis.com/v1/projects/farfindarolelearn-3b804:testIamPermissions {"permissions":["cloudfunctions.functions.create","cloudfunctions.functions.delete","cloudfunctions.functions.get","cloudfunctions.functions.list","cloudfunctions.functions.update","cloudfunctions.operations.get","firebase.projects.get"]}
[debug] [2026-06-24T11:46:32.634Z] <<< [apiv2][status] POST https://cloudresourcemanager.googleapis.com/v1/projects/farfindarolelearn-3b804:testIamPermissions 200
[debug] [2026-06-24T11:46:32.635Z] <<< [apiv2][body] POST https://cloudresourcemanager.googleapis.com/v1/projects/farfindarolelearn-3b804:testIamPermissions {"permissions":["cloudfunctions.functions.create","cloudfunctions.functions.delete","cloudfunctions.functions.get","cloudfunctions.functions.list","cloudfunctions.functions.update","cloudfunctions.operations.get","firebase.projects.get"]}
[debug] [2026-06-24T11:46:32.637Z] Checked if tokens are valid: true, expires at: 1782305133210
[debug] [2026-06-24T11:46:32.637Z] Checked if tokens are valid: true, expires at: 1782305133210
[debug] [2026-06-24T11:46:32.637Z] >>> [apiv2][query] GET https://cloudfunctions.googleapis.com/v1/projects/farfindarolelearn-3b804/locations/-/functions [none]
[debug] [2026-06-24T11:46:33.788Z] <<< [apiv2][status] GET https://cloudfunctions.googleapis.com/v1/projects/farfindarolelearn-3b804/locations/-/functions 200
[debug] [2026-06-24T11:46:33.789Z] <<< [apiv2][body] GET https://cloudfunctions.googleapis.com/v1/projects/farfindarolelearn-3b804/locations/-/functions {}
[debug] [2026-06-24T11:46:33.789Z] Checked if tokens are valid: true, expires at: 1782305133210
[debug] [2026-06-24T11:46:33.790Z] Checked if tokens are valid: true, expires at: 1782305133210
[debug] [2026-06-24T11:46:33.790Z] >>> [apiv2][query] GET https://cloudfunctions.googleapis.com/v2/projects/farfindarolelearn-3b804/locations/-/functions filter=environment%3D%22GEN_2%22
[debug] [2026-06-24T11:46:35.770Z] <<< [apiv2][status] GET https://cloudfunctions.googleapis.com/v2/projects/farfindarolelearn-3b804/locations/-/functions 200
[debug] [2026-06-24T11:46:35.770Z] <<< [apiv2][body] GET https://cloudfunctions.googleapis.com/v2/projects/farfindarolelearn-3b804/locations/-/functions {}
[info] i  hosting: The following function(s) are pinned to site farfindarolelearn-3b804 and will be deployed as well: ssrfarfindarolelearn3b8 
[info] 
[info] === Deploying to 'farfindarolelearn-3b804'...
[info] 
[info] i  deploying functions, hosting 
[debug] [2026-06-24T11:46:35.778Z] Checked if tokens are valid: true, expires at: 1782305133210
[debug] [2026-06-24T11:46:35.778Z] Checked if tokens are valid: true, expires at: 1782305133210
[debug] [2026-06-24T11:46:35.778Z] >>> [apiv2][query] GET https://serviceusage.googleapis.com/v1/projects/farfindarolelearn-3b804/services/cloudresourcemanager.googleapis.com [none]
[debug] [2026-06-24T11:46:35.778Z] >>> [apiv2][(partial)header] GET https://serviceusage.googleapis.com/v1/projects/farfindarolelearn-3b804/services/cloudresourcemanager.googleapis.com  x-goog-user-project=farfindarolelearn-3b804
[debug] [2026-06-24T11:46:37.909Z] <<< [apiv2][status] GET https://serviceusage.googleapis.com/v1/projects/farfindarolelearn-3b804/services/cloudresourcemanager.googleapis.com 200
[debug] [2026-06-24T11:46:37.909Z] <<< [apiv2][body] GET https://serviceusage.googleapis.com/v1/projects/farfindarolelearn-3b804/services/cloudresourcemanager.googleapis.com [omitted]
[debug] [2026-06-24T11:46:37.920Z] Checked if tokens are valid: true, expires at: 1782305133210
[debug] [2026-06-24T11:46:37.920Z] Checked if tokens are valid: true, expires at: 1782305133210
[debug] [2026-06-24T11:46:37.920Z] >>> [apiv2][query] GET https://cloudresourcemanager.googleapis.com/v1/projects/farfindarolelearn-3b804 [none]
[debug] [2026-06-24T11:46:39.379Z] <<< [apiv2][status] GET https://cloudresourcemanager.googleapis.com/v1/projects/farfindarolelearn-3b804 200
[debug] [2026-06-24T11:46:39.379Z] <<< [apiv2][body] GET https://cloudresourcemanager.googleapis.com/v1/projects/farfindarolelearn-3b804 {"projectNumber":"280390286814","projectId":"farfindarolelearn-3b804","lifecycleState":"ACTIVE","name":"farfindarolelearn","labels":{"firebase":"enabled","firebase-core":"disabled"},"createTime":"2026-06-24T09:32:01.128Z"}
[info] i  functions: preparing codebase firebase-frameworks-farfindarolelearn-3b804 for deployment 
[info] i  functions: ensuring required API cloudfunctions.googleapis.com is enabled... 
[debug] [2026-06-24T11:46:39.381Z] Checked if tokens are valid: true, expires at: 1782305133210
[debug] [2026-06-24T11:46:39.381Z] Checked if tokens are valid: true, expires at: 1782305133210
[debug] [2026-06-24T11:46:39.382Z] Checked if tokens are valid: true, expires at: 1782305133210
[debug] [2026-06-24T11:46:39.382Z] Checked if tokens are valid: true, expires at: 1782305133210
[info] i  functions: ensuring required API cloudbuild.googleapis.com is enabled... 
[debug] [2026-06-24T11:46:39.382Z] Checked if tokens are valid: true, expires at: 1782305133210
[debug] [2026-06-24T11:46:39.382Z] Checked if tokens are valid: true, expires at: 1782305133210
[info] i  artifactregistry: ensuring required API artifactregistry.googleapis.com is enabled... 
[debug] [2026-06-24T11:46:39.383Z] Checked if tokens are valid: true, expires at: 1782305133210
[debug] [2026-06-24T11:46:39.383Z] Checked if tokens are valid: true, expires at: 1782305133210
[debug] [2026-06-24T11:46:39.383Z] >>> [apiv2][query] GET https://serviceusage.googleapis.com/v1/projects/farfindarolelearn-3b804/services/cloudfunctions.googleapis.com [none]
[debug] [2026-06-24T11:46:39.383Z] >>> [apiv2][(partial)header] GET https://serviceusage.googleapis.com/v1/projects/farfindarolelearn-3b804/services/cloudfunctions.googleapis.com  x-goog-user-project=farfindarolelearn-3b804
[debug] [2026-06-24T11:46:39.384Z] >>> [apiv2][query] GET https://serviceusage.googleapis.com/v1/projects/farfindarolelearn-3b804/services/runtimeconfig.googleapis.com [none]
[debug] [2026-06-24T11:46:39.384Z] >>> [apiv2][(partial)header] GET https://serviceusage.googleapis.com/v1/projects/farfindarolelearn-3b804/services/runtimeconfig.googleapis.com  x-goog-user-project=farfindarolelearn-3b804
[debug] [2026-06-24T11:46:39.387Z] >>> [apiv2][query] GET https://serviceusage.googleapis.com/v1/projects/farfindarolelearn-3b804/services/cloudbuild.googleapis.com [none]
[debug] [2026-06-24T11:46:39.387Z] >>> [apiv2][(partial)header] GET https://serviceusage.googleapis.com/v1/projects/farfindarolelearn-3b804/services/cloudbuild.googleapis.com  x-goog-user-project=farfindarolelearn-3b804
[debug] [2026-06-24T11:46:39.389Z] >>> [apiv2][query] GET https://serviceusage.googleapis.com/v1/projects/farfindarolelearn-3b804/services/artifactregistry.googleapis.com [none]
[debug] [2026-06-24T11:46:39.389Z] >>> [apiv2][(partial)header] GET https://serviceusage.googleapis.com/v1/projects/farfindarolelearn-3b804/services/artifactregistry.googleapis.com  x-goog-user-project=farfindarolelearn-3b804
[debug] [2026-06-24T11:46:39.954Z] <<< [apiv2][status] GET https://serviceusage.googleapis.com/v1/projects/farfindarolelearn-3b804/services/cloudfunctions.googleapis.com 200
[debug] [2026-06-24T11:46:39.954Z] <<< [apiv2][body] GET https://serviceusage.googleapis.com/v1/projects/farfindarolelearn-3b804/services/cloudfunctions.googleapis.com [omitted]
[info] ✔  functions: required API cloudfunctions.googleapis.com is enabled 
[debug] [2026-06-24T11:46:41.266Z] <<< [apiv2][status] GET https://serviceusage.googleapis.com/v1/projects/farfindarolelearn-3b804/services/artifactregistry.googleapis.com 200
[debug] [2026-06-24T11:46:41.267Z] <<< [apiv2][body] GET https://serviceusage.googleapis.com/v1/projects/farfindarolelearn-3b804/services/artifactregistry.googleapis.com [omitted]
[warn] ⚠  artifactregistry: missing required API artifactregistry.googleapis.com. Enabling now... 
[debug] [2026-06-24T11:46:41.268Z] Checked if tokens are valid: true, expires at: 1782305133210
[debug] [2026-06-24T11:46:41.268Z] Checked if tokens are valid: true, expires at: 1782305133210
[debug] [2026-06-24T11:46:41.268Z] >>> [apiv2][query] POST https://serviceusage.googleapis.com/v1/projects/farfindarolelearn-3b804/services/artifactregistry.googleapis.com:enable [none]
[debug] [2026-06-24T11:46:41.268Z] >>> [apiv2][(partial)header] POST https://serviceusage.googleapis.com/v1/projects/farfindarolelearn-3b804/services/artifactregistry.googleapis.com:enable  x-goog-user-project=farfindarolelearn-3b804
[debug] [2026-06-24T11:46:41.273Z] <<< [apiv2][status] GET https://serviceusage.googleapis.com/v1/projects/farfindarolelearn-3b804/services/runtimeconfig.googleapis.com 200
[debug] [2026-06-24T11:46:41.273Z] <<< [apiv2][body] GET https://serviceusage.googleapis.com/v1/projects/farfindarolelearn-3b804/services/runtimeconfig.googleapis.com [omitted]
[debug] [2026-06-24T11:46:41.285Z] <<< [apiv2][status] GET https://serviceusage.googleapis.com/v1/projects/farfindarolelearn-3b804/services/cloudbuild.googleapis.com 200
[debug] [2026-06-24T11:46:41.285Z] <<< [apiv2][body] GET https://serviceusage.googleapis.com/v1/projects/farfindarolelearn-3b804/services/cloudbuild.googleapis.com [omitted]
[warn] ⚠  functions: missing required API cloudbuild.googleapis.com. Enabling now... 
[debug] [2026-06-24T11:46:41.285Z] Checked if tokens are valid: true, expires at: 1782305133210
[debug] [2026-06-24T11:46:41.285Z] Checked if tokens are valid: true, expires at: 1782305133210
[debug] [2026-06-24T11:46:41.285Z] >>> [apiv2][query] POST https://serviceusage.googleapis.com/v1/projects/farfindarolelearn-3b804/services/cloudbuild.googleapis.com:enable [none]
[debug] [2026-06-24T11:46:41.286Z] >>> [apiv2][(partial)header] POST https://serviceusage.googleapis.com/v1/projects/farfindarolelearn-3b804/services/cloudbuild.googleapis.com:enable  x-goog-user-project=farfindarolelearn-3b804
[debug] [2026-06-24T11:46:41.737Z] <<< [apiv2][status] POST https://serviceusage.googleapis.com/v1/projects/farfindarolelearn-3b804/services/artifactregistry.googleapis.com:enable 400
[debug] [2026-06-24T11:46:41.737Z] <<< [apiv2][body] POST https://serviceusage.googleapis.com/v1/projects/farfindarolelearn-3b804/services/artifactregistry.googleapis.com:enable [omitted]
[debug] [2026-06-24T11:46:41.758Z] <<< [apiv2][status] POST https://serviceusage.googleapis.com/v1/projects/farfindarolelearn-3b804/services/cloudbuild.googleapis.com:enable 400
[debug] [2026-06-24T11:46:41.759Z] <<< [apiv2][body] POST https://serviceusage.googleapis.com/v1/projects/farfindarolelearn-3b804/services/cloudbuild.googleapis.com:enable [omitted]
[error] 
[error] Error: Request to https://serviceusage.googleapis.com/v1/projects/farfindarolelearn-3b804/services/artifactregistry.googleapis.com:enable had HTTP Error: 400, Billing account for project '280390286814' is not open. Billing must be enabled for activation of service(s) 'artifactregistry.googleapis.com' to proceed.
Help Token: AfYMUrg13tdd1z6FpahSRFNyE3aaDzmKW35yLPMfOTpXIbJ8Dbg_CyHxg5noFhZr5y3UT30LY9Op_xtoFIxru9n6E0l7IaB7sTDE1kK1EGOtJJLh
[debug] [2026-06-24T11:46:42.336Z] Error Context: {
  "body": {
    "error": {
      "code": 400,
      "message": "Billing account for project '280390286814' is not open. Billing must be enabled for activation of service(s) 'artifactregistry.googleapis.com' to proceed.\nHelp Token: AfYMUrg13tdd1z6FpahSRFNyE3aaDzmKW35yLPMfOTpXIbJ8Dbg_CyHxg5noFhZr5y3UT30LY9Op_xtoFIxru9n6E0l7IaB7sTDE1kK1EGOtJJLh",
      "status": "FAILED_PRECONDITION",
      "details": [
        {
          "@type": "type.googleapis.com/google.rpc.PreconditionFailure",
          "violations": [
            {
              "type": "googleapis.com/billing-enabled",
              "subject": "?error_code=390002&project=280390286814&services=artifactregistry.googleapis.com"
            }
          ]
        },
        {
          "@type": "type.googleapis.com/google.rpc.ErrorInfo",
          "reason": "UREQ_PROJECT_BILLING_NOT_OPEN",
          "domain": "serviceusage.googleapis.com/billing-enabled",
          "metadata": {
            "project": "280390286814",
            "services": "artifactregistry.googleapis.com"
          }
        }
      ]
    }
  },
  "response": {
    "statusCode": 400
  }
}
